2022-12-15 14:14:04 dmitry.sinepolsky@gmail.com Attendee "dmitry.sinepolsky@gmail.com" successfully created
2022-12-15 14:14:05 dmitry.sinepolsky@gmail.com error added for alias: fdxk-exws-ksbz-gvzm
2022-12-15 14:19:32 sinepolsky.dmitry@gmail.com Attendee "sinepolsky.dmitry@gmail.com" successfully created
2022-12-15 14:19:34 sinepolsky.dmitry@gmail.com attendees successfully added to webinar
2022-12-15 14:20:09 dmitry.sinepolsky@gmail.com Attendee "dmitry.sinepolsky@gmail.com" successfully created
2022-12-15 14:20:12 dmitry.sinepolsky@gmail.com attendees successfully added to webinar
2022-12-15 17:23:32 dmitry.sinepolsky@gmail.com Attendee "dmitry.sinepolsky@gmail.com" successfully created
2022-12-15 17:23:32 dmitry.sinepolsky@gmail.com error added for alias: fdxk-exws-ksbz-gvzm
2022-12-15 17:34:10 sinepolsky.dmitry@gmail.com Attendee "sinepolsky.dmitry@gmail.com" successfully created
2022-12-15 17:34:13 sinepolsky.dmitry@gmail.com attendees successfully added to webinar
2022-12-15 17:34:51 dmitry.sinepolsky@gmail.com Attendee "dmitry.sinepolsky@gmail.com" successfully created
2022-12-15 17:34:54 dmitry.sinepolsky@gmail.com attendees successfully added to webinar
2022-12-15 18:57:50 dmitry.sinepolsky@gmail.com Attendee "dmitry.sinepolsky@gmail.com" successfully created
2022-12-15 18:57:51 dmitry.sinepolsky@gmail.com error added for alias: fdxk-exws-ksbz-gvzm
2022-12-15 19:18:06 dmitry.sinepolsky@gmail.com Attendee "dmitry.sinepolsky@gmail.com" successfully created
2022-12-15 19:18:06 dmitry.sinepolsky@gmail.com error added for alias: fdxk-exws-ksbz-gvzm
2022-12-15 19:20:30 dmitry.sinepolsky@gmail.com Attendee "dmitry.sinepolsky@gmail.com" successfully created
2022-12-15 19:20:31 dmitry.sinepolsky@gmail.com error added for alias: fdxk-exws-ksbz-gvzm
2022-12-15 19:20:51 dmitry.sinepolsky@gmail.com Attendee "dmitry.sinepolsky@gmail.com" successfully created
2022-12-15 19:20:52 dmitry.sinepolsky@gmail.com error added for alias: fdxk-exws-ksbz-gvzm
2022-12-15 19:22:11 dmitry.sinepolsky@gmail.com Attendee "dmitry.sinepolsky@gmail.com" successfully created
2022-12-15 19:22:12 dmitry.sinepolsky@gmail.com error added for alias: fdxk-exws-ksbz-gvzm
